<?xml version="1.0" encoding="UTF-8"?>
<!-- Generated by org.testng.reporters.JUnitReportReporter -->
<testsuite hostname="DESKTOP-25KQ22H" failures="0" tests="4" name="testng.test.DataProviders" time="0.025" errors="0" timestamp="2024-07-29T12:37:04 IST" skipped="0">
  <testcase classname="testng.test.DataProviders" name="testMethod" time="0.002"/>
  <system-out/>
  <testcase classname="testng.test.DataProviders" name="testMethod" time="0.014"/>
  <system-out/>
  <testcase classname="testng.test.DataProviders" name="testMethod" time="0.005"/>
  <system-out/>
  <testcase classname="testng.test.DataProviders" name="testMethod" time="0.004"/>
  <system-out/>
</testsuite> <!-- testng.test.DataProviders -->
