<?xml version="1.0" encoding="UTF-8"?>
<!-- Generated by org.testng.reporters.JUnitReportReporter -->
<testsuite hostname="DESKTOP-25KQ22H" failures="0" tests="5" name="testng.test.TestNGDemo" time="0.030" errors="0" timestamp="2024-07-29T12:40:47 IST" skipped="1">
  <testcase classname="testng.test.TestNGDemo" name="testMethod5" time="0.019"/>
  <system-out/>
  <testcase classname="testng.test.TestNGDemo" name="testMethod7" time="0.003"/>
  <system-out/>
  <testcase classname="testng.test.TestNGDemo" name="testMethod2" time="0.004"/>
  <system-out/>
  <testcase classname="testng.test.TestNGDemo" name="testMethod6" time="0.004"/>
  <system-out/>
  <testcase classname="testng.test.TestNGDemo" name="testMethod1">
    <skipped/>
  </testcase> <!-- testMethod1 -->
  <system-out/>
</testsuite> <!-- testng.test.TestNGDemo -->
