<?xml version="1.0" encoding="UTF-8"?>
<!-- Generated by org.testng.reporters.JUnitReportReporter -->
<testsuite hostname="DESKTOP-25KQ22H" failures="0" tests="4" name="testng.test.DataProviderImplementation" time="0.032" errors="0" timestamp="2024-07-29T12:39:35 IST" skipped="0">
  <testcase classname="testng.test.DataProviderImplementation" name="searchEngine" time="0.003"/>
  <system-out/>
  <testcase classname="testng.test.DataProviderImplementation" name="searchEngine" time="0.014"/>
  <system-out/>
  <testcase classname="testng.test.DataProviderImplementation" name="searchEngine" time="0.004"/>
  <system-out/>
  <testcase classname="testng.test.DataProviderImplementation" name="searchEngine" time="0.011"/>
  <system-out/>
</testsuite> <!-- testng.test.DataProviderImplementation -->
