<?xml version="1.0" encoding="UTF-8"?>
<!-- Generated by org.testng.reporters.JUnitReportReporter -->
<testsuite hostname="DESKTOP-25KQ22H" failures="0" tests="1" name="testng.test.TestNGParamemeterization" time="0.020" errors="0" timestamp="2024-07-29T12:22:22 IST" skipped="0">
  <testcase classname="testng.test.TestNGParamemeterization" name="searchEngine" time="0.020"/>
  <system-out/>
</testsuite> <!-- testng.test.TestNGParamemeterization -->
